Added Component: Designator=U1(PZ100_N)
Added Pin To Net: NetName=S_AMP_ADC0 Pin=U1-1
Added Pin To Net: NetName=EXPANSION_ADC1 Pin=U1-2
Added Pin To Net: NetName=3V3 Pin=U1-3
Added Pin To Net: NetName=GND Pin=U1-4
Added Pin To Net: NetName=EXPANSION_ADC2 Pin=U1-5
Added Pin To Net: NetName=EXPANSION_ADC3 Pin=U1-6
Added Pin To Net: NetName=NetC8_1 Pin=U1-7
Added Pin To Net: NetName=3V3 Pin=U1-8
Added Pin To Net: NetName=GND Pin=U1-9
Added Pin To Net: NetName=ENCODER_IDX_D0 Pin=U1-10
Added Pin To Net: NetName=ON/OFF_MOTOR_GPIO_D1_I Pin=U1-11
Added Pin To Net: NetName=RX-UART1 Pin=U1-12
Added Pin To Net: NetName=TX-UART1 Pin=U1-13
Added Pin To Net: NetName=NetC8_1 Pin=U1-14
Added Pin To Net: NetName=GND Pin=U1-15
Added Pin To Net: NetName=EXPANSION_G_3 Pin=U1-16
Added Pin To Net: NetName=EXPANSION_G_2 Pin=U1-17
Added Pin To Net: NetName=EXPANSION_G_1 Pin=U1-18
Added Pin To Net: NetName=EXPANSION_G_0 Pin=U1-19
Added Pin To Net: NetName=3V3 Pin=U1-20
Added Pin To Net: NetName=GND Pin=U1-21
Added Pin To Net: NetName=EXPANSION_C_7 Pin=U1-22
Added Pin To Net: NetName=EXPANSION_C_6 Pin=U1-23
Added Pin To Net: NetName=EXPANSION_C_5 Pin=U1-24
Added Pin To Net: NetName=ENCODER_CHA_PHA0 Pin=U1-25
Added Pin To Net: NetName=EXPANSION_A_0 Pin=U1-26
Added Pin To Net: NetName=EXPANSION_A_1 Pin=U1-27
Added Pin To Net: NetName=EXPANSION_A_2 Pin=U1-28
Added Pin To Net: NetName=EXPANSION_A_3 Pin=U1-29
Added Pin To Net: NetName=EXPANSION_A_4 Pin=U1-30
Added Pin To Net: NetName=EXPANSION_A_5 Pin=U1-31
Added Pin To Net: NetName=3V3 Pin=U1-32
Added Pin To Net: NetName=GND Pin=U1-33
Added Pin To Net: NetName=EXPANSION_A_6 Pin=U1-34
Added Pin To Net: NetName=EXPANSION_A_7 Pin=U1-35
Added Pin To Net: NetName=EXPANSION_G_7 Pin=U1-36
Added Pin To Net: NetName=EXPANSION_G_6 Pin=U1-37
Added Pin To Net: NetName=NetC8_1 Pin=U1-38
Added Pin To Net: NetName=GND Pin=U1-39
Added Pin To Net: NetName=EXPANSION_G_5 Pin=U1-40
Added Pin To Net: NetName=EXPANSION_G_4 Pin=U1-41
Added Pin To Net: NetName=PEDAL2_GPIO_F7_I Pin=U1-42
Added Pin To Net: NetName=PEDAL1_GPIO_F6_I Pin=U1-43
Added Pin To Net: NetName=3V3 Pin=U1-44
Added Pin To Net: NetName=GND Pin=U1-45
Added Pin To Net: NetName=NC_GPIO_F5_I Pin=U1-46
Added Pin To Net: NetName=ENCODER_CHB_PHB0 Pin=U1-47
Added Pin To Net: NetName=NetC13_1 Pin=U1-48
Added Pin To Net: NetName=NetC14_1 Pin=U1-49
Added Pin To Net: NetName=NetR7_2 Pin=U1-50
Added Pin To Net: NetName=GND Pin=U1-54
Added Pin To Net: NetName=NetC7_1 Pin=U1-55
Added Pin To Net: NetName=3V3 Pin=U1-56
Added Pin To Net: NetName=GND Pin=U1-57
Added Pin To Net: NetName=NA_GPIO_F4_I Pin=U1-58
Added Pin To Net: NetName=BRIDGE_IN2_PWM_4 Pin=U1-59
Added Pin To Net: NetName=BRIDGE_IN1_PWM_3 Pin=U1-60
Added Pin To Net: NetName=ON/OFF_P&P_GPIO_F1_I Pin=U1-61
Added Pin To Net: NetName=NetC8_1 Pin=U1-62
Added Pin To Net: NetName=GND Pin=U1-63
Added Pin To Net: NetName=NetC12_1 Pin=U1-64
Added Pin To Net: NetName=GND Pin=U1-65
Added Pin To Net: NetName=EXPANSION_B_0 Pin=U1-66
Added Pin To Net: NetName=EXPANSION_B_1 Pin=U1-67
Added Pin To Net: NetName=3V3 Pin=U1-68
Added Pin To Net: NetName=GND Pin=U1-69
Added Pin To Net: NetName=EXPANSION_B_2 Pin=U1-70
Added Pin To Net: NetName=EXPANSION_B_3 Pin=U1-71
Added Pin To Net: NetName=EXPANSION_E_0 Pin=U1-72
Added Pin To Net: NetName=EXPANSION_E_1 Pin=U1-73
Added Pin To Net: NetName=EXPANSION_E_2 Pin=U1-74
Added Pin To Net: NetName=EXPANSION_E_3 Pin=U1-75
Added Pin To Net: NetName=GND Pin=U1-76
Added Pin To Net: NetName=INT_TDO Pin=U1-77
Added Pin To Net: NetName=INT_TMS Pin=U1-79
Added Pin To Net: NetName=INT_TCK Pin=U1-80
Added Pin To Net: NetName=3V3 Pin=U1-81
Added Pin To Net: NetName=GND Pin=U1-82
Added Pin To Net: NetName=EXPANSION_H_3 Pin=U1-83
Added Pin To Net: NetName=EXPANSION_H_2 Pin=U1-84
Added Pin To Net: NetName=BUZZER_GPIO_H1_O Pin=U1-85
Added Pin To Net: NetName=CONTROL_VAL_GPIO_H0_O Pin=U1-86
Added Pin To Net: NetName=GND Pin=U1-87
Added Pin To Net: NetName=NetC8_1 Pin=U1-88
Added Pin To Net: NetName=MCURSTN Pin=U1-89
Added Pin To Net: NetName=EXPANSION_B_6 Pin=U1-90
Added Pin To Net: NetName=EXPANSION_B_5 Pin=U1-91
Added Pin To Net: NetName=EXPANSION_B_4 Pin=U1-92
Added Pin To Net: NetName=3V3 Pin=U1-93
Added Pin To Net: NetName=GND Pin=U1-94
Added Pin To Net: NetName=EXPANSION_ADC7 Pin=U1-95
Added Pin To Net: NetName=EXPANSION_ADC6 Pin=U1-96
Added Pin To Net: NetName=GND Pin=U1-97
Added Pin To Net: NetName=3V3 Pin=U1-98
Added Pin To Net: NetName=EXPANSION_ADC5 Pin=U1-99
Added Pin To Net: NetName=EXPANSION_ADC4 Pin=U1-100
Added Member To Class: ClassName=MDNP_P&P_MCU Member=Component U1 LM3S1968-IQC
Added Member To Class: ClassName=MDNP_P&P_ALIMENTACION Member=Component U3 LM1117
Added Member To Class: ClassName=MDNP_P&P_ALIMENTACION Member=Component U4 LM1117
