Added Component: Designator=P6(HDR2X20)
Added Pin To Net: NetName=EXPANSION_ADC1 Pin=P6-1
Added Pin To Net: NetName=EXPANSION_ADC2 Pin=P6-2
Added Pin To Net: NetName=EXPANSION_ADC3 Pin=P6-3
Added Pin To Net: NetName=EXPANSION_ADC4 Pin=P6-4
Added Pin To Net: NetName=EXPANSION_G_3 Pin=P6-5
Added Pin To Net: NetName=EXPANSION_G_2 Pin=P6-6
Added Pin To Net: NetName=EXPANSION_G_1 Pin=P6-7
Added Pin To Net: NetName=EXPANSION_G_0 Pin=P6-8
Added Pin To Net: NetName=EXPANSION_C_7 Pin=P6-9
Added Pin To Net: NetName=EXPANSION_C_6 Pin=P6-10
Added Pin To Net: NetName=EXPANSION_C_5 Pin=P6-11
Added Pin To Net: NetName=EXPANSION_A_0 Pin=P6-12
Added Pin To Net: NetName=EXPANSION_A_1 Pin=P6-13
Added Pin To Net: NetName=EXPANSION_A_2 Pin=P6-14
Added Pin To Net: NetName=EXPANSION_A_3 Pin=P6-15
Added Pin To Net: NetName=EXPANSION_A_4 Pin=P6-16
Added Pin To Net: NetName=EXPANSION_A_5 Pin=P6-17
Added Pin To Net: NetName=EXPANSION_A_6 Pin=P6-18
Added Pin To Net: NetName=EXPANSION_A_7 Pin=P6-19
Added Pin To Net: NetName=EXPANSION_G_7 Pin=P6-20
Added Pin To Net: NetName=EXPANSION_G_6 Pin=P6-21
Added Pin To Net: NetName=EXPANSION_G_5 Pin=P6-22
Added Pin To Net: NetName=EXPANSION_G_4 Pin=P6-23
Added Pin To Net: NetName=EXPANSION_B_0 Pin=P6-24
Added Pin To Net: NetName=EXPANSION_B_1 Pin=P6-25
Added Pin To Net: NetName=EXPANSION_B_2 Pin=P6-26
Added Pin To Net: NetName=EXPANSION_B_3 Pin=P6-27
Added Pin To Net: NetName=EXPANSION_E_0 Pin=P6-28
Added Pin To Net: NetName=EXPANSION_E_1 Pin=P6-29
Added Pin To Net: NetName=EXPANSION_E_2 Pin=P6-30
Added Pin To Net: NetName=EXPANSION_E_3 Pin=P6-31
Added Pin To Net: NetName=EXPANSION_H_3 Pin=P6-32
Added Pin To Net: NetName=EXPANSION_H_2 Pin=P6-33
Added Pin To Net: NetName=EXPANSION_B_6 Pin=P6-34
Added Pin To Net: NetName=EXPANSION_B_5 Pin=P6-35
Added Pin To Net: NetName=EXPANSION_B_4 Pin=P6-36
Added Pin To Net: NetName=EXPANSION_ADC7 Pin=P6-37
Added Pin To Net: NetName=EXPANSION_ADC6 Pin=P6-38
Added Pin To Net: NetName=EXPANSION_ADC5 Pin=P6-39
Added Pin To Net: NetName=GND Pin=P6-40
Added Member To Class: ClassName=MDNP_P&P_EXTERIOR Member=Component P6 Header 20x2
